C:\MinGW\bin\make.exe all --print-data-base --no-builtin-variables --no-builtin-rules --question
# GNU Make 3.82.90
# Built for i686-pc-mingw32
# Copyright (C) 1988-2012 Free Software Foundation, Inc.
# License GPLv3+: GNU GPL version 3 or later <http://gnu.org/licenses/gpl.html>
# This is free software: you are free to change and redistribute it.
# There is NO WARRANTY, to the extent permitted by law.
 

# Make data base, printed on Mon Feb 19 12:34:47 2024

# Variables

# automatic
<D = $(patsubst %/,%,$(patsubst %\,%,$(dir $<)))
# automatic
?F = $(notdir $?)
# default
.SHELLFLAGS := -c
# environment
VSCODE_CRASH_REPORTER_PROCESS_TYPE = extensionHost
# makefile (from 'Makefile', line 179)
LDSCRIPT = STM32F407IGHx_FLASH.ld
# makefile
MAKEFLAGS = Rrqp
# makefile (from 'Makefile', line 16)
TARGET = C_Board_Standard_Robot
# automatic
?D = $(patsubst %/,%,$(patsubst %\,%,$(dir $?)))
# makefile (from 'Makefile' 
, line 127)
AS_DEFS = 
# makefile (from 'Makefile', line 139)
AS_INCLUDES = -IInc
# automatic
@D = $(patsubst %/,%,$(patsubst %\,%,$(dir $@)))
# environment
HOMEDRIVE = C:
# automatic
@F = $(notdir $@)
# automatic
^D = $(patsubst %/,%,$(patsubst %\,%,$(dir $^)))
# makefile
CURDIR := c:/Users/admin/Desktop/DL/DL UP
# default
SHELL := C:/Users/admin/.eide/bin/builder/msys/bin/sh.exe
# makefile (from 'Makefile', line 108)
BIN = $(CP) -O binary -S
# environment
WINDIR = C:\WINDOWS
# environment
VSCODE_NLS_CONFIG = {"locale":"en-us","osLocale":"zh-cn","availableLanguages":{},"_languagePackSupport":true}
# makefile (from 'Makefile', line 105)
SZ = $(PREFIX)size
# makefile (from 'Makefile', line 172)
CFLAGS = $(MCU) $(C_DEFS) $(C_INCLUDES) $(OPT) -Wall -fdata-sections -ffunction-sections -g -gdwarf-2 -MMD -MP -MF"$(@:%.o=%.d)"
# environment
ONEDRIVE = C:\Users\admin\OneDrive
# environment
PATHEXT = .COM;.EXE;.BAT;.CMD;.VBS;.VBE;.JS;.JSE;.WSF;.WSH;.MSC
# makefile (from 'Makefile', line 1)
MAKEFILE_LIST :=  Makefile
# environment
FPS_BROWSER_USER_PROFILE_STRING = Default
# makefile (from 'Makefile', line 104)
CP = $(PREFIX)objcopy
# makefile (from 'Makefile', line 23)
DEBUG = 1
# environment
TMP = C:\Users\admin\AppData\Local\Temp
# makefile (from 'Makefile', line 103)
AS = $(PREFIX)gcc -x assembler-with-cpp
# environment
PROGRAMW6432 = C:\Program Files
# environment
PROGRAMDATA = C:\ProgramData
# environment
VSCODE_CWD = C:\Users\admin\Desktop\DL
# environment
PATH = C:\Users\admin\.eide\bin\builder\bin;C:\Users\admin\.eide\bin\builder\utils;C:\Users\admin\.eide\bin\scripts;c:\Users\admin\.vscode\extensions\cl.eide-3.14.0\res\tools\win32\7z;c:\Users\admin\.vscode\extensions\cl.eide-3.14.0\res\tools\win32\utils;C:\Program Files (x86)\GNU Arm Embedded Toolchain\10 2021.10\bin;C:\OpenOCD-20231002-0.12.0\bin;C:\Users\admin\.eide\tools\st_cube_programer\bin;C:\Users\admin\.eide\bin\builder\msys\bin;C:\Windows\system32;C:\Windows;C:\Windows\System32\Wbem;C:\Windows\System32\WindowsPowerShell\v1.0\;C:\Windows\System32\OpenSSH\;C:\Program Files (x86)\NVIDIA Corporation\PhysX\Common;C:\Program Files\NVIDIA Corporation\NVIDIA NvDLISR;C:\WINDOWS\system32;C:\WINDOWS;C:\WINDOWS\System32\Wbem;C:\WINDOWS\System32\WindowsPowerShell\v1.0\;C:\WINDOWS\System32\OpenSSH\;C:\Program Files\dotnet\;C:\Program Files\Git\cmd;C:\Program Files\CMake\bin;C:\Program Files\MATLAB\R2023b\bin;;C:\Program Files\MSC.Software\Adams\2020_711253\bin;C:\Program Files (x86)\GNU Arm Embedded Toolchain\10 2021.10\bin;C:\Users\admin\AppData\Local\Microsoft\WindowsApps;C:\Users\admin\AppData\Local\Programs\Microsoft VS Code\bin;C:\MinGW\bin;C:\OpenOCD-20231002-0.12.0\bin;C:\Users\admin\AppData\Local\GitHubDesktop\bin
# environment
COMMONPROGRAMW6432 = C:\Program Files\Common Files
# environment
PROCESSOR_ARCHITECTURE = x86
# environment
USERPROFILE = C:\Users\admin
# environment
ALLUSERSPROFILE = C:\ProgramData
# environment
EIDE_BINARIES_VER = 12.0.1
# environment
NUMBER_OF_PROCESSORS = 16
# environment
ELECTRON_RUN_AS_NODE = 1
# makefile (from 'Makefile', line 184)
LDFLAGS = $(MCU) -specs=nano.specs -T$(LDSCRIPT) $(LIBDIR) $(LIBS) -Wl,-Map=$(BUILD_DIR)/$(TARGET).map,--cref -Wl,--gc-sections
# default
.FEATURES := target-specific order-only second-expansion else-if shortest-stem undefine oneshell archives jobserver
# automatic
%F = $(notdir $%)
# environment
CHROME_CRASHPAD_PIPE_NAME = \\.\pipe\crashpad_10332_MAEKGLZJFNFSBTQV
# makefile (from 'Makefile', line 86)
ASM_SOURCES = startup_stm32f407xx.s
# makefile (from 'Makefile', line 25)
OPT = -O3
# environment
COMPUTERNAME = LAPTOP-PS1S025U
# environment
PROGRAMFILES = C:\Program Files (x86)
# environment
DRIVERDATA = C:\Windows\System32\Drivers\DriverData
# environment
ORIGINAL_XDG_CURRENT_DESKTOP = undefined
# environment
USERNAME = admin
# environment
PUBLIC = C:\Users\Public
# environment
VSCODE_AMD_ENTRYPOINT = vs/workbench/api/node/extensionHostProcess
# environment
VSCODE_CODE_CACHE_PATH = C:\Users\admin\AppData\Roaming\Code\CachedData\903b1e9d8990623e3d7da1df3d33db3e42d80eda
# environment
APPLICATION_INSIGHTS_NO_DIAGNOSTIC_CHANNEL = true
# environment
COMMONPROGRAMFILES = C:\Program Files (x86)\Common Files
# environment
LOGONSERVER = \\LAPTOP-PS1S025U
# makefile (from 'Makefile', line 93)
PREFIX = arm-none-eabi-
# environment
ONEDRIVECONSUMER = C:\Users\admin\OneDrive
# environment
VSCODE_HANDLES_UNCAUGHT_ERRORS = true
# environment
ADAMS_GUI_LOCALE = Chinese
# environment
USERDOMAIN = LAPTOP-PS1S025U
# makefile (from 'Makefile', line 130)
C_DEFS = -DUSE_HAL_DRIVER -DSTM32F407xx -DARM_MATH_CM4 -DARM_MATH_MATRIX_CHECK -DARM_MATH_ROUNDING
# environment
MAKELEVEL := 0
# makefile (from 'Makefile', line 123)
MCU = $(CPU) -mthumb $(FPU) $(FLOAT-ABI)
# environment
EIDE_TOOL_OPENOCD = C:\OpenOCD-20231002-0.12.0\bin
# environment
STM32CUBEMX_PATH = C:\Program Files\STMicroelectronics\STM32Cube\STM32CubeMX
# default
MAKECMDGOALS := all
# makefile (from 'Makefile', line 120)
FLOAT-ABI = -mfloat-abi=hard
# makefile (from 'Makefile', line 107)
HEX = $(CP) -O ihex
# makefile (from 'Makefile', line 102)
CC = $(PREFIX)gcc
# makefile (from 'Makefile', line 32)
BUILD_DIR = build
# makefile (from 'Makefile', line 162)
ASFLAGS = $(MCU) $(AS_DEFS) $(AS_INCLUDES) $(OPT) -Wall -fdata-sections -ffunction-sections
# default
MAKE_VERSION := 3.82.90
# makefile
.DEFAULT_GOAL := all
# environment
ACSVCPORT = 17532
# default
MAKE = $(MAKE_COMMAND)
# environment
ACSETUPSVCPORT = 23210
# environment
PROGRAMFILES(X86) = C:\Program Files (x86)
# environment
EIDE_MSYS = C:\Users\admin\.eide\bin\builder\msys\bin
# automatic
%D = $(patsubst %/,%,$(patsubst %\,%,$(dir $%)))
# makefile (from 'Makefile', line 114)
CPU = -mcpu=cortex-m4
# makefile (from 'Makefile', line 117)
FPU = -mfpu=fpv4-sp-d16
# environment
LOCALAPPDATA = C:\Users\admin\AppData\Local
# environment
PSMODULEPATH = C:\Program Files\WindowsPowerShell\Modules;C:\WINDOWS\system32\WindowsPowerShell\v1.0\Modules
# default
MAKE_COMMAND := C:/MinGW/bin/make
# environment
PROCESSOR_ARCHITEW6432 = AMD64
# makefile (from 'Makefile', line 183)
LIBDIR = -LDrivers/CMSIS/Lib/GCC
# default
.VARIABLES := 
# automatic
*F = $(notdir $*)
# environment
PROCESSOR_IDENTIFIER = AMD64 Family 25 Model 80 Stepping 0, AuthenticAMD
# environment
OS = Windows_NT
# environment
VSCODE_IPC_HOOK = \\.\pipe\39ba74c1-1.86.2-main-sock
# environment
HOMEPATH = \Users\admin
# environment
COMMONPROGRAMFILES(X86) = C:\Program Files (x86)\Common Files
# environment
PROMPT = $P$G
# environment
MFLAGS = -Rrqp
# automatic
*D = $(patsubst %/,%,$(patsubst %\,%,$(dir $*)))
# environment
SYSTEMROOT = C:\WINDOWS
# automatic
+D = $(patsubst %/,%,$(patsubst %\,%,$(dir $+)))
# environment
EIDE_TOOL_GCC_ARM = C:\Program Files (x86)\GNU Arm Embedded Toolchain\10 2021.10\bin
# environment
VSCODE_L10N_BUNDLE_LOCATION = 
# environment
MSCLIC_INI = C:\Program Files\MSC.Software\MSC Licensing\Helium\msclic.ini
# automatic
+F = $(notdir $+)
# environment
EIDE_TOOL_ST_CUBE_PROGRAMER = C:\Users\admin\.eide\tools\st_cube_programer\bin
# environment
APPDATA = C:\Users\admin\AppData\Roaming
# environment
__COMPAT_LAYER = DetectorsAppHealth
# environment
TEMP = C:\Users\admin\AppData\Local\Temp
# makefile (from 'Makefile', line 143)
C_INCLUDES = -IInc -IDrivers/STM32F4xx_HAL_Driver/Inc -IDrivers/STM32F4xx_HAL_Driver/Inc/Legacy -IMiddlewares/Third_Party/FreeRTOS/Source/include -IMiddlewares/Third_Party/FreeRTOS/Source/CMSIS_RTOS -IMiddlewares/Third_Party/FreeRTOS/Source/portable/GCC/ARM_CM4F -IDrivers/CMSIS/Device/ST/STM32F4xx/Include -IDrivers/CMSIS/Include -IDrivers/CMSIS/Include -IApplication -IBsp -IComponents -IComponents/Algorithm -IComponents/Controller -IComponents/Devices
# environment
COMSPEC = C:\WINDOWS\system32\cmd.exe
# default
MAKEFILES := 
# automatic
<F = $(notdir $<)
# environment
RLSSVCPORT = 22112
# environment
LC_ALL = C
# makefile (from 'Makefile', line 182)
LIBS = -lc -lm -lnosys -larm_cortexM4lf_math
# automatic
^F = $(notdir $^)
# makefile (from 'Makefile', line 38)
C_SOURCES = Src/main.c Src/gpio.c Src/freertos.c Src/dma.c Src/spi.c Src/tim.c Src/stm32f4xx_it.c Src/stm32f4xx_hal_msp.c Src/stm32f4xx_hal_timebase_tim.c Drivers/STM32F4xx_HAL_Driver/Src/stm32f4xx_hal_rcc.c Drivers/STM32F4xx_HAL_Driver/Src/stm32f4xx_hal_rcc_ex.c Drivers/STM32F4xx_HAL_Driver/Src/stm32f4xx_hal_flash.c Drivers/STM32F4xx_HAL_Driver/Src/stm32f4xx_hal_flash_ex.c Drivers/STM32F4xx_HAL_Driver/Src/stm32f4xx_hal_flash_ramfunc.c Drivers/STM32F4xx_HAL_Driver/Src/stm32f4xx_hal_gpio.c Drivers/STM32F4xx_HAL_Driver/Src/stm32f4xx_hal_dma_ex.c Drivers/STM32F4xx_HAL_Driver/Src/stm32f4xx_hal_dma.c Drivers/STM32F4xx_HAL_Driver/Src/stm32f4xx_hal_pwr.c Drivers/STM32F4xx_HAL_Driver/Src/stm32f4xx_hal_pwr_ex.c Drivers/STM32F4xx_HAL_Driver/Src/stm32f4xx_hal_cortex.c Drivers/STM32F4xx_HAL_Driver/Src/stm32f4xx_hal.c Drivers/STM32F4xx_HAL_Driver/Src/stm32f4xx_hal_exti.c Drivers/STM32F4xx_HAL_Driver/Src/stm32f4xx_hal_spi.c Drivers/STM32F4xx_HAL_Driver/Src/stm32f4xx_hal_tim.c Drivers/STM32F4xx_HAL_Driver/Src/stm32f4xx_hal_tim_ex.c Src/system_stm32f4xx.c Middlewares/Third_Party/FreeRTOS/Source/croutine.c Middlewares/Third_Party/FreeRTOS/Source/event_groups.c Middlewares/Third_Party/FreeRTOS/Source/list.c Middlewares/Third_Party/FreeRTOS/Source/queue.c Middlewares/Third_Party/FreeRTOS/Source/stream_buffer.c Middlewares/Third_Party/FreeRTOS/Source/tasks.c Middlewares/Third_Party/FreeRTOS/Source/timers.c Middlewares/Third_Party/FreeRTOS/Source/CMSIS_RTOS/cmsis_os.c Middlewares/Third_Party/FreeRTOS/Source/portable/MemMang/heap_4.c Middlewares/Third_Party/FreeRTOS/Source/portable/GCC/ARM_CM4F/port.c Application/ins_task.c Bsp/bsp_dwt.c Bsp/bsp_PWM.c Components/kalman_filter.c Components/user_lib.c Components/Algorithm/QuaternionEKF.c Components/Controller/controller.c Components/Devices/BMI088driver.c Components/Devices/BMI088Middleware.c
# default
SUFFIXES := 
# environment
SYSTEMDRIVE = C:
# environment
SESSIONNAME = Console
# environment
PROCESSOR_REVISION = 5000
# default
.INCLUDE_DIRS = C:/MinGW/include
# default
.RECIPEPREFIX := 
# makefile (from 'Makefile', line 197)
OBJECTS = $(addprefix $(BUILD_DIR)/,$(notdir $(C_SOURCES:.c=.o))) $(addprefix $(BUILD_DIR)/,$(notdir $(ASM_SOURCES:.s=.o)))
# environment
LANG = C
# environment
PROCESSOR_LEVEL = 25
# environment
FPS_BROWSER_APP_PROFILE_STRING = Internet Explorer
# environment
VSCODE_PID = 10332
# environment
EFC_11048 = 1
# environment
DOTNET_CLI_TELEMETRY_OPTOUT = 1
# environment
USERDOMAIN_ROAMINGPROFILE = LAPTOP-PS1S025U
# variable set hash-table stats:
# Load=131/1024=13%, Rehash=0, Collisions=20/198=10%

# Pattern-specific Variable Values

# No pattern-specific variable values.

# Directories

# C:\OpenOCD-20231002-0.12.0\bin (key C:/OpenOCD-20231002 
-0.12.0/bin, mtime 1698131036): 5 files, no impossibilities.
# C:\Users\admin\.eide\tools\st_cube_programer\bin (key C:/Users/admin/.eide/tools/st_cube_programer/bin, mtime 1641517950): 27 files, no impossibilities.
# C:\Users\admin\.eide\bin\builder\bin (key C:/Users/admin/.eide/bin/builder/bin, mtime 1705154209): 23 files, no impossibilities.
# Components (key c:/Users/admin/Desktop/DL/DL UP/Components, mtime 1706099069): 9 files, no impossibilities.
# C:\Program Files (x86)\GNU Arm Embedded Toolchain\10 2021.10\bin (key C:/Program Files (x86)/GNU Arm Embedded Toolchain/10 2021.10/bin, mtime 1698130904): 35 files, no impossibilities.
# . (key c:/Users/admin/Desktop/DL/DL UP, mtime 1706099074): 24 files, no impossibilities.
# C:\Users\admin\.eide\bin\scripts (key C:/Users/admin/.eide/bin/scripts, mtime 1653912323): 6 files, no impossibilities.
# Middlewares/Third_Party/FreeRTOS/Source/portable/GCC/ARM_CM4F (key c:/Users/admin/Desktop/DL/DL UP/Middlewares/Third_Party/FreeRTOS/Source/portable/GCC/ARM_CM4F, mtime 1706099074): 4 files, no impossibilities.
# Application (key c:/Users/admin/Desktop/DL/DL UP/Application, mtime 1706099069): 4 files, no impossibilities.
# Src (key c:/Users/admin/Desktop/DL/DL UP/Src, mtime 1706099074): 15 files, no impossibilities.
# C:\Users\admin\.eide\bin\builder\msys\bin (key C:/Users/admin/.eide/bin/builder/msys/bin, mtime 1663516994): 212 files, no impossibilities so far.
# Components/Controller (key c:/Users/admin/Desktop/DL/DL UP/Components/Controller, mtime 1706099069): 4 files, no impossibilities.
# build (key c:/Users/admin/Desktop/DL/DL UP/build, mtime 1706099069): 4 files, no impossibilities.
# Middlewares/Third_Party/FreeRTOS/Source (key c:/Users/admin/Desktop/DL/DL UP/Middlewares/Third_Party/FreeRTOS/Source, mtime 1706099074): 16 files, no impossibilities.
# c:\Users\admin\.vscode\extensions\cl.eide-3.14.0\res\tools\win32\7z (key c:/Users/admin/.vscode/extensions/cl.eide-3.14.0/res/tools/win32/7z, mtime 1705296368): 3 files, no impossibilities.
# Middlewares/Third_Party/FreeRTOS/Source/CMSIS_RTOS (key c:/Users/admin/Desktop/DL/DL UP/Middlewares/Third_Party/FreeRTOS/Source/CMSIS_RTOS, mtime 1706099074): 4 files, no impossibilities.
# c:\Users\admin\.vscode\extensions\cl.eide-3.14.0\res\tools\win32\utils (key c:/Users/admin/.vscode/extensions/cl.eide-3.14.0/res/tools/win32/utils, mtime 1705296368): 4 files, no impossibilities.
# Middlewares/Third_Party/FreeRTOS/Source/portable/MemMang (key c:/Users/admin/Desktop/DL/DL UP/Middlewares/Third_Party/FreeRTOS/Source/portable/MemMang, mtime 1706099074): 7 files, no impossibilities.
# Components/Devices (key c:/Users/admin/Desktop/DL/DL UP/Components/Devices, mtime 1706099069): 9 files, no impossibilities.
# Components/Algorithm (key c:/Users/admin/Desktop/DL/DL UP/Components/Algorithm, mtime 1706099069): 5 files, no impossibilities.
# Drivers/STM32F4xx_HAL_Driver/Src (key c:/Users/admin/Desktop/DL/DL UP/Drivers/STM32F4xx_HAL_Driver/Src, mtime 1706099073): 96 files, no impossibilities.
# C:\Users\admin\.eide\bin\builder\utils (key C:/Users/admin/.eide/bin/builder/utils, mtime 1653819306): 7 files, no impossibilities.
# Bsp (key c:/Users/admin/Desktop/DL/DL UP/Bsp, mtime 1706099069): 6 files, no impossibilities.

# 529 files, no impossibilities in 23 directories.

# Implicit Rules

build/%.o: %.c Makefile | build
#  recipe to execute (from 'Makefile', line 201):
	$(CC) -c $(CFLAGS) -Wa,-a,-ad,-alms=$(BUILD_DIR)/$(notdir $(<:.c=.lst)) $< -o $@

build/%.o: %.s Makefile | build
#  recipe to execute (from 'Makefile', line 204):
	$(AS) -c $(CFL 
AGS) $< -o $@

build/%.hex: build/%.elf | build
#  recipe to execute (from 'Makefile', line 211):
	$(HEX) $< $@
	

build/%.bin: build/%.elf | build
#  recipe to execute (from 'Makefile', line 214):
	$(BIN) $< $@	
	

# 4 implicit rules, 0 (0.0%) terminal.

# Files

# Not a target:
build/stm32f4xx_hal_pwr_ex.o:
#  Implicit rule search has not been done.
#  Modification time never checked.
#  File has not been updated.

# Not a target:
build/BMI088driver.o:
#  Implicit rule search has not been done.
#  Modification time never checked.
#  File has not been updated.

build/main.o: Src/main.c Makefile | build
#  Implicit rule search has been done.
#  Implicit/static pattern stem: 'main'
#  File does not exist.
#  File has been updated.
#  Needs to be updated (-q is set).
# automatic
# @ := build/main.o
# automatic
# % := 
# automatic
# * := main
# automatic
# + := Src/main.c Makefile
# automatic
# | := build
# automatic
# < := Src/main.c
# automatic
# ^ := Src/main.c Makefile
# automatic
# ? := Src/main.c Makefile
# variable set hash-table stats:
# Load=8/32=25%, Rehash=0, Collisions=1/26=4%
#  recipe to execute (from 'Makefile', line 201):
	$(CC) -c $(CFLAGS) -Wa,-a,-ad,-alms=$(BUILD_DIR)/$(notdir $(<:.c=.lst)) $< -o $@

# Not a target:
build/stm32f4xx_hal_cortex.o:
#  Implicit rule search has not been done.
#  Modification time never checked.
#  File has not been updated.

# Not a target:
build/tim.o:
#  Implicit rule search has not been done.
#  Modification time never checked.
#  File has not been updated.

# Not a target:
build/stm32f4xx_hal_spi.o:
#  Implicit rule search has not been done.
#  Modification time never checked.
#  File has not been updated.

all: build/C_Board_Standard_Robot.elf build/C_Board_Standard_Robot.hex build/C_Board_Standard_Robot.bin
#  Command line target.
#  Implicit rule search has been done.
#  File does not exist.
#  File has been updated.
#  Needs to be updated (-q is set).
# variable set hash-table stats:
# Load=0/32=0%, Rehash=0, Collisions=0/14=0%

# Not a target:
build/stm32f4xx_hal_flash_ex.o:
#  Implicit rule search has not been done.
#  Modification time never checked.
#  File has not been updated.

# Not a target:
build/C_Board_Standard_Robot.bin:
#  Implicit rule search has not been done.
#  Modification time never checked.
#  File has not been updated.

# Not a target:
build/heap_4.o:
#  Implicit rule search has not been done.
#  Modification time never checked.
#  File has not been updated.

# Not a target:
build/user_lib.o:
#  Implicit rule search has not been done.
#  Modification time never checked.
#  File has not been updated.

# Not a target:
build/stm32f4xx_hal_dma_ex.o:
#  Implicit rule search has not been done.
#  Modification time never checked.
#  File has not been updated.

# Not a target:
build/ins_task.o:
#  Implicit rule search has not been done.
#  Modification time never checked.
#  File has not been updated.

# Not a target:
build/stm32f4xx_hal_msp.o:
#  Implicit rule search has not been done.
#  Modification time never checked.
#  File has not been updated.

# Not a target:
build/stm32f4xx_hal_gpio.o:
#  Implicit rule search has not been done.
#  Modification time never checked.
#  File has not been updated.

# Not a target:
build/stm32f4xx_hal.o:
#  Implicit rule search has not been done.
#  Modification time never checked.
#  File has not been updated.

# Not a target:
.SUFFIXES:
#  Implicit rule search has not been done.
#  Modification time never checked.
#  File has not been updated.

# Not a target:
build/bsp_dwt.o:
#  Implicit rule search has not been done.
#  Modification time never checked.
#  File has not been updated.

# Not a target:
Makefile:
#  Implicit rule search has been done.
#  Last modified 2024-01-15 21:50:48
#  File has been updated.
#  Successfully updated.

# Not a target:
build/event_groups.o:
#  Implicit rule search has not been done.
#  Modification time never checked.
#  File has not been updated.

# Not a target:
build/dma.o:
#  Implicit rule search has not been done.
#  Modification time never checked.
#  File has not been updated.
 

# Not a target:
build/gpio.o:
#  Implicit rule search has not been done.
#  Modification time never checked.
#  File has not been updated.

# Not a target:
build/stm32f4xx_hal_exti.o:
#  Implicit rule search has not been done.
#  Modification time never checked.
#  File has not been updated.

build:
#  Implicit rule search has not been done.
#  Last modified 2024-01-24 20:24:29
#  File has been updated.
#  Successfully updated.
#  recipe to execute (from 'Makefile', line 217):
	mkdir $@		

# Not a target:
build/stm32f4xx_hal_flash_ramfunc.o:
#  Implicit rule search has not been done.
#  Modification time never checked.
#  File has not been updated.

# Not a target:
build/C_Board_Standard_Robot.hex:
#  Implicit rule search has not been done.
#  Modification time never checked.
#  File has not been updated.

# Not a target:
Src/main.c:
#  Implicit rule search has been done.
#  Last modified 2024-01-20 23:42:14
#  File has been updated.
#  Successfully updated.

# Not a target:
build/kalman_filter.o:
#  Implicit rule search has not been done.
#  Modification time never checked.
#  File has not been updated.

# Not a target:
build/stm32f4xx_it.o:
#  Implicit rule search has not been done.
#  Modification time never checked.
#  File has not been updated.

# Not a target:
build/stream_buffer.o:
#  Implicit rule search has not been done.
#  Modification time never checked.
#  File has not been updated.

# Not a target:
build/queue.o:
#  Implicit rule search has not been done.
#  Modification time never checked.
#  File has not been updated.

# Not a target:
build/freertos.o:
#  Implicit rule search has not been done.
#  Modification time never checked.
#  File has not been updated.

# Not a target:
build/stm32f4xx_hal_rcc_ex.o:
#  Implicit rule search has not been done.
#  Modification time never checked.
#  File has not been updated.

# Not a target:
build/bsp_PWM.o:
#  Implicit rule search has not been done.
#  Modification time never checked.
#  File has not been updated.

# Not a target:
build/stm32f4xx_hal_rcc.o:
#  Implicit rule search has not been done.
#  Modification time never checked.
#  File has not been updated.

build/C_Board_Standard_Robot.elf: build/main.o build/gpio.o build/freertos.o build/dma.o build/spi.o build/tim.o build/stm32f4xx_it.o build/stm32f4xx_hal_msp.o build/stm32f4xx_hal_timebase_tim.o build/stm32f4xx_hal_rcc.o build/stm32f4xx_hal_rcc_ex.o build/stm32f4xx_hal_flash.o build/stm32f4xx_hal_flash_ex.o build/stm32f4xx_hal_flash_ramfunc.o build/stm32f4xx_hal_gpio.o build/stm32f4xx_hal_dma_ex.o build/stm32f4xx_hal_dma.o build/stm32f4xx_hal_pwr.o build/stm32f4xx_hal_pwr_ex.o build/stm32f4xx_hal_cortex.o build/stm32f4xx_hal.o build/stm32f4xx_hal_exti.o build/stm32f4xx_hal_spi.o build/stm32f4xx_hal_tim.o build/stm32f4xx_hal_tim_ex.o build/system_stm32f4xx.o build/croutine.o build/event_groups.o build/list.o build/queue.o build/stream_buffer.o build/tasks.o build/timers.o build/cmsis_os.o build/heap_4.o build/port.o build/ins_task.o build/bsp_dwt.o build/bsp_PWM.o build/kalman_filter.o build/user_lib.o build/QuaternionEKF.o build/controller.o build/BMI088driver.o build/BMI088Middleware.o build/startup_stm32f407xx.o Makefile
#  Implicit rule search has not been done.
#  Last modified 2024-01-15 21:50:48
#  File has been updated.
#  Needs to be updated (-q is set).
# variable set hash-table stats:
# Load=0/32=0%, Rehash=0, Collisions=0/14=0%
#  recipe to execute (from 'Makefile', line 207):
	$(CC) $(OBJECTS) $(LDFLAGS) -o $@
	$(SZ) $@

# Not a target:
build/system_stm32f4xx.o:
#  Implicit rule search has not been done.
#  Modification time never checked.
#  File has not been updated.

# Not a target:
build/stm32f4xx_hal_timebase_tim.o:
#  Implicit rule search has not been done.
#  Modification time never checked.
#  File has not been updated.

# Not a target:
.DEFAULT:
#  Implicit rule search has not been done.
#  Modification time never checked.
#  File has not been updated.

# Not a target:
build/port.o:
#  Implicit rule search has not been done.
#  Modification time never checked.
#  File has not been upd 
ated.

# Not a target:
build/controller.o:
#  Implicit rule search has not been done.
#  Modification time never checked.
#  File has not been updated.

clean:
#  Implicit rule search has not been done.
#  Modification time never checked.
#  File has not been updated.
#  recipe to execute (from 'Makefile', line 223):
	-rm -fR $(BUILD_DIR)

# Not a target:
build/stm32f4xx_hal_tim.o:
#  Implicit rule search has not been done.
#  Modification time never checked.
#  File has not been updated.

# Not a target:
build/startup_stm32f407xx.o:
#  Implicit rule search has not been done.
#  Modification time never checked.
#  File has not been updated.

# Not a target:
build/cmsis_os.o:
#  Implicit rule search has not been done.
#  Modification time never checked.
#  File has not been updated.

# Not a target:
build/timers.o:
#  Implicit rule search has not been done.
#  Modification time never checked.
#  File has not been updated.

# Not a target:
build/stm32f4xx_hal_pwr.o:
#  Implicit rule search has not been done.
#  Modification time never checked.
#  File has not been updated.

# Not a target:
build/spi.o:
#  Implicit rule search has not been done.
#  Modification time never checked.
#  File has not been updated.

# Not a target:
build/croutine.o:
#  Implicit rule search has not been done.
#  Modification time never checked.
#  File has not been updated.

# Not a target:
build/QuaternionEKF.o:
#  Implicit rule search has not been done.
#  Modification time never checked.
#  File has not been updated.

# Not a target:
build/stm32f4xx_hal_flash.o:
#  Implicit rule search has not been done.
#  Modification time never checked.
#  File has not been updated.

# Not a target:
build/tasks.o:
#  Implicit rule search has not been done.
#  Modification time never checked.
#  File has not been updated.

# Not a target:
build/stm32f4xx_hal_dma.o:
#  Implicit rule search has not been done.
#  Modification time never checked.
#  File has not been updated.

# Not a target:
build/stm32f4xx_hal_tim_ex.o:
#  Implicit rule search has not been done.
#  Modification time never checked.
#  File has not been updated.

# Not a target:
build/list.o:
#  Implicit rule search has not been done.
#  Modification time never checked.
#  File has not been updated.

# Not a target:
build/BMI088Middleware.o:
#  Implicit rule search has not been done.
#  Modification time never checked.
#  File has not been updated.

# files hash-table stats:
# Load=56/1024=5%, Rehash=0, Collisions=8/153=5%
# VPATH Search Paths

vpath %.c Application;Bsp;Components;Components/Algorithm;Components/Controller;Components/Devices;Drivers/STM32F4xx_HAL_Driver/Src;Middlewares/Third_Party/FreeRTOS/Source;Middlewares/Third_Party/FreeRTOS/Source/CMSIS_RTOS;Middlewares/Third_Party/FreeRTOS/Source/portable/GCC/ARM_CM4F;Middlewares/Third_Party/FreeRTOS/Source/portable/MemMang;Src

# 1 'vpath' search paths.

# No general ('VPATH' variable) search path.

# strcache buffers: 2 (0) / strings = 561 / storage = 8876 B / avg = 15 B
# current buf: size = 8174 B / used = 722 B / count = 43 / avg = 16 B
# other used: total = 702 B / count = 518 / avg = 1 B
# other free: total = 20 B / max = 20 B / min = 20 B / avg = 20 B

# strcache performance: lookups = 650 / hit rate = 13%
# hash-table stats:
# Load=561/8192=7%, Rehash=0, Collisions=46/650=7%
# Finished Make data base on Mon Feb 19 12:34:47 2024

 
